<?xml version="1.0" encoding="UTF-8"?>
<testng-results skipped="0" failed="0" ignored="0" total="6" passed="6">
  <reporter-output>
  </reporter-output>
  <suite name="Health Check of Store for buying all packages together" duration-ms="16605" started-at="2020-11-02T15:17:27 IST" finished-at="2020-11-02T15:17:43 IST">
    <groups>
    </groups>
    <test name="Store Health Check" duration-ms="16605" started-at="2020-11-02T15:17:27 IST" finished-at="2020-11-02T15:17:43 IST">
      <class name="com.flipkart.framework.selenium.BaseWebDriver">
        <test-method status="PASS" signature="startBrowserBeforeSuite(java.lang.String, int, int, int, java.lang.String)[pri:0, instance:com.flipkart.framework.selenium.BaseWebDriver@1b26f7b2]" name="startBrowserBeforeSuite" is-config="true" duration-ms="20752" started-at="2020-11-02T15:17:06 IST" finished-at="2020-11-02T15:17:27 IST">
          <params>
            <param index="0">
              <value>
                <![CDATA[chrome]]>
              </value>
            </param>
            <param index="1">
              <value>
                <![CDATA[5]]>
              </value>
            </param>
            <param index="2">
              <value>
                <![CDATA[15]]>
              </value>
            </param>
            <param index="3">
              <value>
                <![CDATA[10]]>
              </value>
            </param>
            <param index="4">
              <value>
                <![CDATA[https://www.flipkart.com/]]>
              </value>
            </param>
          </params>
          <reporter-output>
          </reporter-output>
        </test-method> <!-- startBrowserBeforeSuite -->
        <test-method status="PASS" signature="closeBrowserAfterSuite()[pri:0, instance:com.flipkart.framework.selenium.BaseWebDriver@1b26f7b2]" name="closeBrowserAfterSuite" is-config="true" duration-ms="66" started-at="2020-11-02T15:17:44 IST" finished-at="2020-11-02T15:17:44 IST">
          <reporter-output>
          </reporter-output>
        </test-method> <!-- closeBrowserAfterSuite -->
      </class> <!-- com.flipkart.framework.selenium.BaseWebDriver -->
      <class name="com.flipkart.testing.tests.FlipkartScenario1Test">
        <test-method status="PASS" signature="loadObjectMaps()[pri:0, instance:com.flipkart.testing.tests.FlipkartScenario1Test@491cc5c9]" name="loadObjectMaps" is-config="true" duration-ms="35" started-at="2020-11-02T15:17:27 IST" finished-at="2020-11-02T15:17:27 IST">
          <reporter-output>
          </reporter-output>
        </test-method> <!-- loadObjectMaps -->
        <test-method status="PASS" signature="clickLoginModalCrossButtonTest()[pri:0, instance:com.flipkart.testing.tests.FlipkartScenario1Test@491cc5c9]" name="clickLoginModalCrossButtonTest" duration-ms="329" started-at="2020-11-02T15:17:27 IST" finished-at="2020-11-02T15:17:27 IST">
          <reporter-output>
          </reporter-output>
        </test-method> <!-- clickLoginModalCrossButtonTest -->
        <test-method status="PASS" signature="hoverOnElectronicsLinkTest()[pri:1, instance:com.flipkart.testing.tests.FlipkartScenario1Test@491cc5c9]" name="hoverOnElectronicsLinkTest" duration-ms="3147" started-at="2020-11-02T15:17:27 IST" depends-on-methods="com.flipkart.testing.tests.FlipkartScenario1Test.clickLoginModalCrossButtonTest" finished-at="2020-11-02T15:17:30 IST">
          <reporter-output>
          </reporter-output>
        </test-method> <!-- hoverOnElectronicsLinkTest -->
        <test-method status="PASS" signature="clickMobilePhoneBrandTest(java.lang.String)[pri:1, instance:com.flipkart.testing.tests.FlipkartScenario1Test@491cc5c9]" name="clickMobilePhoneBrandTest" duration-ms="112" started-at="2020-11-02T15:17:30 IST" depends-on-methods="com.flipkart.testing.tests.FlipkartScenario1Test.hoverOnElectronicsLinkTest" finished-at="2020-11-02T15:17:31 IST">
          <params>
            <param index="0">
              <value>
                <![CDATA[Mi]]>
              </value>
            </param>
          </params>
          <reporter-output>
          </reporter-output>
        </test-method> <!-- clickMobilePhoneBrandTest -->
        <test-method status="PASS" signature="waitForPageToBeLoadedTest()[pri:1, instance:com.flipkart.testing.tests.FlipkartScenario1Test@491cc5c9]" name="waitForPageToBeLoadedTest" duration-ms="5062" started-at="2020-11-02T15:17:31 IST" depends-on-methods="com.flipkart.testing.tests.FlipkartScenario1Test.clickMobilePhoneBrandTest" finished-at="2020-11-02T15:17:36 IST">
          <reporter-output>
          </reporter-output>
        </test-method> <!-- waitForPageToBeLoadedTest -->
        <test-method status="PASS" signature="clickSortByLowToHighTest()[pri:1, instance:com.flipkart.testing.tests.FlipkartScenario1Test@491cc5c9]" name="clickSortByLowToHighTest" duration-ms="7628" started-at="2020-11-02T15:17:36 IST" depends-on-methods="com.flipkart.testing.tests.FlipkartScenario1Test.waitForPageToBeLoadedTest" finished-at="2020-11-02T15:17:43 IST">
          <reporter-output>
          </reporter-output>
        </test-method> <!-- clickSortByLowToHighTest -->
        <test-method status="PASS" signature="verifySortLowToHighOfNProducts()[pri:1, instance:com.flipkart.testing.tests.FlipkartScenario1Test@491cc5c9]" name="verifySortLowToHighOfNProducts" duration-ms="214" started-at="2020-11-02T15:17:43 IST" depends-on-methods="com.flipkart.testing.tests.FlipkartScenario1Test.clickSortByLowToHighTest" finished-at="2020-11-02T15:17:43 IST">
          <reporter-output>
          </reporter-output>
        </test-method> <!-- verifySortLowToHighOfNProducts -->
      </class> <!-- com.flipkart.testing.tests.FlipkartScenario1Test -->
    </test> <!-- Store Health Check -->
  </suite> <!-- Health Check of Store for buying all packages together -->
</testng-results>
